<?xml version="1.0" encoding="UTF-8"?>
<!-- Generated by org.testng.reporters.JUnitXMLReporter -->
<testsuite hostname="DESKTOP-5HPM073" name="Command line test" tests="10" failures="4" timestamp="13 Feb 2018 04:04:39 GMT" time="297.105" errors="0">
  <testcase name="homePageTitleTest" time="0.224" classname="com.sbs.qa.testcases.HomePageTest">
    <failure type="java.lang.AssertionError" message="Title not correct expected [Spencer Prook Strings] but found [Spencer Brook Strings]">
      <![CDATA[java.lang.AssertionError: Title not correct expected [Spencer Prook Strings] but found [Spencer Brook Strings]
	at com.sbs.qa.testcases.HomePageTest.homePageTitleTest(HomePageTest.java:30)
... Removed 39 stack frames]]>
    </failure>
  </testcase> <!-- homePageTitleTest -->
  <testcase name="verifyOrderRentalTitle" time="0.076" classname="com.sbs.qa.testcases.OrderRentalTest"/>
  <testcase name="verifyRentalPageTitle" time="0.164" classname="com.sbs.qa.testcases.RentalPageTest"/>
  <testcase name="sbsLogoTest" time="10.172" classname="com.sbs.qa.testcases.HomePageTest">
    <failure type="org.openqa.selenium.NoSuchElementException" message="no such element: Unable to locate element: {&amp;quot;method&amp;quot;:&amp;quot;xpath&amp;quot;,&amp;quot;selector&amp;quot;:&amp;quot;.//*[@id=&amp;apos;PageContainer&amp;apos;]/div/header/div/div/div[2]/div[1]/a/img&amp;quot;}
  (Session info: chrome=63.0.3239.132)
  (Driver info: chromedriver=2.33.506120 (e3e53437346286c0bc2d2dc9aa4915ba81d9023f),platform=Windows NT 10.0.16299 x86_64) (WARNING: The server did not provide any stacktrace information)
Command duration or timeout: 0 milliseconds
For documentation on this error, please visit: http://seleniumhq.org/exceptions/no_such_element.html
Build info: version: &amp;apos;3.5.1&amp;apos;, revision: &amp;apos;9c21bb67ef&amp;apos;, time: &amp;apos;2017-08-17T15:26:08.955Z&amp;apos;
System info: host: &amp;apos;DESKTOP-5HPM073&amp;apos;, ip: &amp;apos;172.29.99.241&amp;apos;, os.name: &amp;apos;Windows 10&amp;apos;, os.arch: &amp;apos;amd64&amp;apos;, os.version: &amp;apos;10.0&amp;apos;, java.version: &amp;apos;1.8.0_151&amp;apos;
Driver info: org.openqa.selenium.chrome.ChromeDriver
Capabilities [{applicationCacheEnabled=false, rotatable=false, mobileEmulationEnabled=false, networkConnectionEnabled=false, chrome={chromedriverVersion=2.33.506120 (e3e53437346286c0bc2d2dc9aa4915ba81d9023f), userDataDir=C:\Users\eri01\AppData\Local\Temp\scoped_dir9928_18224}, takesHeapSnapshot=true, pageLoadStrategy=normal, unhandledPromptBehavior=, databaseEnabled=false, handlesAlerts=true, hasTouchScreen=false, version=63.0.3239.132, platform=XP, browserConnectionEnabled=false, nativeEvents=true, acceptSslCerts=true, locationContextEnabled=true, webStorageEnabled=true, browserName=chrome, takesScreenshot=true, javascriptEnabled=true, cssSelectorsEnabled=true, setWindowRect=true, unexpectedAlertBehaviour=}]
Session ID: 102323c4196ce2c4fc5b06f7b711f119
*** Element info: {Using=xpath, value=.//*[@id=&amp;apos;PageContainer&amp;apos;]/div/header/div/div/div[2]/div[1]/a/img}">
      <![CDATA[org.openqa.selenium.NoSuchElementException: no such element: Unable to locate element: {"method":"xpath","selector":".//*[@id='PageContainer']/div/header/div/div/div[2]/div[1]/a/img"}
  (Session info: chrome=63.0.3239.132)
  (Driver info: chromedriver=2.33.506120 (e3e53437346286c0bc2d2dc9aa4915ba81d9023f),platform=Windows NT 10.0.16299 x86_64) (WARNING: The server did not provide any stacktrace information)
Command duration or timeout: 0 milliseconds
For documentation on this error, please visit: http://seleniumhq.org/exceptions/no_such_element.html
Build info: version: '3.5.1', revision: '9c21bb67ef', time: '2017-08-17T15:26:08.955Z'
System info: host: 'DESKTOP-5HPM073', ip: '172.29.99.241', os.name: 'Windows 10', os.arch: 'amd64', os.version: '10.0', java.version: '1.8.0_151'
Driver info: org.openqa.selenium.chrome.ChromeDriver
Capabilities [{applicationCacheEnabled=false, rotatable=false, mobileEmulationEnabled=false, networkConnectionEnabled=false, chrome={chromedriverVersion=2.33.506120 (e3e53437346286c0bc2d2dc9aa4915ba81d9023f), userDataDir=C:\Users\eri01\AppData\Local\Temp\scoped_dir9928_18224}, takesHeapSnapshot=true, pageLoadStrategy=normal, unhandledPromptBehavior=, databaseEnabled=false, handlesAlerts=true, hasTouchScreen=false, version=63.0.3239.132, platform=XP, browserConnectionEnabled=false, nativeEvents=true, acceptSslCerts=true, locationContextEnabled=true, webStorageEnabled=true, browserName=chrome, takesScreenshot=true, javascriptEnabled=true, cssSelectorsEnabled=true, setWindowRect=true, unexpectedAlertBehaviour=}]
Session ID: 102323c4196ce2c4fc5b06f7b711f119
*** Element info: {Using=xpath, value=.//*[@id='PageContainer']/div/header/div/div/div[2]/div[1]/a/img}
	at org.openqa.selenium.remote.ErrorHandler.createThrowable(ErrorHandler.java:215)
	at org.openqa.selenium.remote.ErrorHandler.throwIfResponseFailed(ErrorHandler.java:167)
	at org.openqa.selenium.remote.http.JsonHttpResponseCodec.reconstructValue(JsonHttpResponseCodec.java:40)
	at org.openqa.selenium.remote.http.AbstractHttpResponseCodec.decode(AbstractHttpResponseCodec.java:82)
	at org.openqa.selenium.remote.http.AbstractHttpResponseCodec.decode(AbstractHttpResponseCodec.java:45)
	at org.openqa.selenium.remote.HttpCommandExecutor.execute(HttpCommandExecutor.java:164)
	at org.openqa.selenium.remote.service.DriverCommandExecutor.execute(DriverCommandExecutor.java:82)
	at org.openqa.selenium.remote.RemoteWebDriver.execute(RemoteWebDriver.java:641)
	at org.openqa.selenium.remote.RemoteWebDriver.findElement(RemoteWebDriver.java:414)
	at org.openqa.selenium.remote.RemoteWebDriver.findElementByXPath(RemoteWebDriver.java:513)
	at org.openqa.selenium.By$ByXPath.findElement(By.java:361)
	at org.openqa.selenium.remote.RemoteWebDriver.findElement(RemoteWebDriver.java:406)
	at org.openqa.selenium.support.events.EventFiringWebDriver$2.invoke(EventFiringWebDriver.java:105)
	at com.sun.proxy.$Proxy6.findElement(Unknown Source)
	at org.openqa.selenium.support.events.EventFiringWebDriver.findElement(EventFiringWebDriver.java:189)
	at org.openqa.selenium.support.pagefactory.DefaultElementLocator.findElement(DefaultElementLocator.java:69)
	at org.openqa.selenium.support.pagefactory.internal.LocatingElementHandler.invoke(LocatingElementHandler.java:38)
	at com.sun.proxy.$Proxy10.isDisplayed(Unknown Source)
	at com.sbs.qa.pages.HomePage.validateSBSImage(HomePage.java:38)
	at com.sbs.qa.testcases.HomePageTest.sbsLogoTest(HomePageTest.java:35)
... Removed 42 stack frames]]>
    </failure>
  </testcase> <!-- sbsLogoTest -->
  <testcase name="verifyOrderRentalLabel" time="0.268" classname="com.sbs.qa.testcases.OrderRentalTest">
    <failure type="java.lang.AssertionError" message="expected [Order a rental label is missing on the page] but found [true]">
      <![CDATA[java.lang.AssertionError: expected [Order a rental label is missing on the page] but found [true]
	at com.sbs.qa.testcases.OrderRentalTest.verifyOrderRentalLabel(OrderRentalTest.java:43)
... Removed 39 stack frames]]>
    </failure>
  </testcase> <!-- verifyOrderRentalLabel -->
  <testcase name="verifyOrderRentalLink" time="3.564" classname="com.sbs.qa.testcases.RentalPageTest"/>
  <testcase name="rentalsPageLinkTest" time="3.528" classname="com.sbs.qa.testcases.HomePageTest"/>
  <testcase name="selectInstrumentTypeTest" time="29.73" classname="com.sbs.qa.testcases.OrderRentalTest"/>
  <testcase name="selectInstrumentTypeTest" time="28.527" classname="com.sbs.qa.testcases.OrderRentalTest">
    <failure type="org.openqa.selenium.NoSuchElementException" message="Cannot locate option with value: Monthly :  $23
For documentation on this error, please visit: http://seleniumhq.org/exceptions/no_such_element.html
Build info: version: &amp;apos;3.5.1&amp;apos;, revision: &amp;apos;9c21bb67ef&amp;apos;, time: &amp;apos;2017-08-17T15:26:08.955Z&amp;apos;
System info: host: &amp;apos;DESKTOP-5HPM073&amp;apos;, ip: &amp;apos;172.29.99.241&amp;apos;, os.name: &amp;apos;Windows 10&amp;apos;, os.arch: &amp;apos;amd64&amp;apos;, os.version: &amp;apos;10.0&amp;apos;, java.version: &amp;apos;1.8.0_151&amp;apos;
Driver info: driver.version: unknown">
      <![CDATA[org.openqa.selenium.NoSuchElementException: Cannot locate option with value: Monthly :  $23
For documentation on this error, please visit: http://seleniumhq.org/exceptions/no_such_element.html
Build info: version: '3.5.1', revision: '9c21bb67ef', time: '2017-08-17T15:26:08.955Z'
System info: host: 'DESKTOP-5HPM073', ip: '172.29.99.241', os.name: 'Windows 10', os.arch: 'amd64', os.version: '10.0', java.version: '1.8.0_151'
Driver info: driver.version: unknown
	at org.openqa.selenium.support.ui.Select.selectByValue(Select.java:209)
	at com.sbs.qa.pages.OrderRental.selectInstrumentName(OrderRental.java:104)
	at com.sbs.qa.testcases.OrderRentalTest.selectInstrumentTypeTest(OrderRentalTest.java:57)
... Removed 34 stack frames]]>
    </failure>
  </testcase> <!-- selectInstrumentTypeTest -->
  <testcase name="verifyRentalPagelable" time="1.822" classname="com.sbs.qa.testcases.RentalPageTest"/>
</testsuite> <!-- Command line test -->
