<?xml version="1.0" encoding="UTF-8" ?>
<testsuite tests="10" failures="4" name="TestSuite" time="78.135" errors="0" skipped="0">
  <properties>
    <property name="java.vendor" value="Oracle Corporation"/>
    <property name="JOB_NAME" value="SBSTestJob"/>
    <property name="sun.java.launcher" value="SUN_STANDARD"/>
    <property name="NUMBER_OF_PROCESSORS" value="4"/>
    <property name="sun.management.compiler" value="HotSpot 64-Bit Tiered Compilers"/>
    <property name="JENKINS_HOME" value="C:\Users\eri01\.jenkins"/>
    <property name="FPS_BROWSER_USER_PROFILE_STRING" value="Default"/>
    <property name="HUDSON_SERVER_COOKIE" value="c104504cd3cf29e7"/>
    <property name="AXIS_HOME" value="C:\Users\eri01\Downloads\SOAPUI\axis2-1.6.2\axis2-1.6.2"/>
    <property name="POM_ARTIFACTID" value="SBSTest"/>
    <property name="os.name" value="Windows 10"/>
    <property name="sun.boot.class.path" value="C:\Program Files\Java\jdk1.8.0_151\jre\lib\resources.jar;C:\Program Files\Java\jdk1.8.0_151\jre\lib\rt.jar;C:\Program Files\Java\jdk1.8.0_151\jre\lib\sunrsasign.jar;C:\Program Files\Java\jdk1.8.0_151\jre\lib\jsse.jar;C:\Program Files\Java\jdk1.8.0_151\jre\lib\jce.jar;C:\Program Files\Java\jdk1.8.0_151\jre\lib\charsets.jar;C:\Program Files\Java\jdk1.8.0_151\jre\lib\jfr.jar;C:\Program Files\Java\jdk1.8.0_151\jre\classes"/>
    <property name="EXECUTOR_NUMBER" value="1"/>
    <property name="sun.desktop" value="windows"/>
    <property name="PATHEXT" value=".COM;.EXE;.BAT;.CMD;.VBS;.VBE;.JS;.JSE;.WSF;.WSH;.MSC"/>
    <property name="java.vm.specification.vendor" value="Oracle Corporation"/>
    <property name="POM_DISPLAYNAME" value="SBSTest"/>
    <property name="NODE_LABELS" value="master"/>
    <property name="TEMP" value="C:\Users\eri01\AppData\Local\Temp"/>
    <property name="java.runtime.version" value="1.8.0_151-b12"/>
    <property name="FPS_BROWSER_APP_PROFILE_STRING" value="Internet Explorer"/>
    <property name="user.name" value="eri01"/>
    <property name="guice.disable.misplaced.annotation.check" value="true"/>
    <property name="CommonProgramW6432" value="C:\Program Files\Common Files"/>
    <property name="ProgramFiles" value="C:\Program Files"/>
    <property name="PROMPT" value="$P$G"/>
    <property name="user.language" value="en"/>
    <property name="JOB_BASE_NAME" value="SBSTestJob"/>
    <property name="RUN_CHANGES_DISPLAY_URL" value="http://unconfigured-jenkins-location/job/SBSTestJob/8/display/redirect?page=changes"/>
    <property name="BUILD_DISPLAY_NAME" value="#8"/>
    <property name="OneDrive" value="C:\Users\eri01\OneDrive"/>
    <property name="sun.boot.library.path" value="C:\Program Files\Java\jdk1.8.0_151\jre\bin"/>
    <property name="LOCALAPPDATA" value="C:\Users\eri01\AppData\Local"/>
    <property name="java.version" value="1.8.0_151"/>
    <property name="PROCESSOR_LEVEL" value="6"/>
    <property name="user.timezone" value="America/New_York"/>
    <property name="USERNAME" value="eri01"/>
    <property name="sun.arch.data.model" value="64"/>
    <property name="NODE_NAME" value="master"/>
    <property name="java.endorsed.dirs" value="C:\Program Files\Java\jdk1.8.0_151\jre\lib\endorsed"/>
    <property name="BUILD_ID" value="8"/>
    <property name="sun.cpu.isalist" value="amd64"/>
    <property name="sun.jnu.encoding" value="Cp1252"/>
    <property name="file.encoding.pkg" value="sun.io"/>
    <property name="file.separator" value="\"/>
    <property name="java.specification.name" value="Java Platform API Specification"/>
    <property name="HOMEDRIVE" value="C:"/>
    <property name="maven.conf" value="C:\Users\eri01\.jenkins\tools\hudson.tasks.Maven_MavenInstallation\TestMaven\conf"/>
    <property name="java.class.version" value="52.0"/>
    <property name="=::" value="::\"/>
    <property name="org.slf4j.simpleLogger.defaultLogLevel" value="info"/>
    <property name="JRE_HOME" value="C:\Program Files\Java\jre1.8.0_151"/>
    <property name="user.country" value="US"/>
    <property name="ALLUSERSPROFILE" value="C:\ProgramData"/>
    <property name="java.home" value="C:\Program Files\Java\jdk1.8.0_151\jre"/>
    <property name="java.vm.info" value="mixed mode"/>
    <property name="os.version" value="10.0"/>
    <property name="RUN_DISPLAY_URL" value="http://unconfigured-jenkins-location/job/SBSTestJob/8/display/redirect"/>
    <property name="POM_VERSION" value="0.0.1-SNAPSHOT"/>
    <property name="TMP" value="C:\Users\eri01\AppData\Local\Temp"/>
    <property name="path.separator" value=";"/>
    <property name="java.vm.version" value="25.151-b12"/>
    <property name="user.variant" value=""/>
    <property name="JOB_DISPLAY_URL" value="http://unconfigured-jenkins-location/job/SBSTestJob/display/redirect"/>
    <property name="CommonProgramFiles(x86)" value="C:\Program Files (x86)\Common Files"/>
    <property name="USERDOMAIN_ROAMINGPROFILE" value="DESKTOP-5HPM073"/>
    <property name="java.awt.printerjob" value="sun.awt.windows.WPrinterJob"/>
    <property name="JAVA_HOME" value="C:\Program Files\Java\jdk1.8.0_151"/>
    <property name="sun.io.unicode.encoding" value="UnicodeLittle"/>
    <property name="CommonProgramFiles" value="C:\Program Files\Common Files"/>
    <property name="ComSpec" value="C:\WINDOWS\system32\cmd.exe"/>
    <property name="awt.toolkit" value="sun.awt.windows.WToolkit"/>
    <property name="HOMEPATH" value="\Users\eri01"/>
    <property name="POM_PACKAGING" value="jar"/>
    <property name="user.script" value=""/>
    <property name="COMPUTERNAME" value="DESKTOP-5HPM073"/>
    <property name="POM_GROUPID" value="SBSTestAutomation"/>
    <property name="user.home" value="C:\Users\eri01"/>
    <property name="PUBLIC" value="C:\Users\Public"/>
    <property name="BUILD_TAG" value="jenkins-SBSTestJob-8"/>
    <property name="JENKINS_SERVER_COOKIE" value="c104504cd3cf29e7"/>
    <property name="ProgramData" value="C:\ProgramData"/>
    <property name="java.specification.vendor" value="Oracle Corporation"/>
    <property name="USERPROFILE" value="C:\Users\eri01"/>
    <property name="CLASSPATH" value=""/>
    <property name="java.vendor.url" value="http://java.oracle.com/"/>
    <property name="java.library.path" value="C:\Program Files\Java\jdk1.8.0_151\bin;C:\WINDOWS\Sun\Java\bin;C:\WINDOWS\system32;C:\WINDOWS;C:\Users\eri01\.jenkins\tools\hudson.tasks.Maven_MavenInstallation\TestMaven/bin;C:\Program Files\Java\jdk1.8.0_151/bin;C:\Program Files\Java\jdk1.8.0_151/bin;C:\ProgramData\Oracle\Java\javapath;C:\WINDOWS\system32;C:\WINDOWS;C:\WINDOWS\System32\Wbem;C:\WINDOWS\System32\WindowsPowerShell\v1.0\;C:\Program Files\Java\jdk1.8.0_151;D:\SeleniumHQ\Selenium3\Maven\apache-maven-3.5.2\bin;C:\Users\eri01\Downloads\SOAPUI\axis2-1.6.2\axis2-1.6.2\bin;C:\Program Files\MySQL\MySQL Utilities 1.6\;C:\Program Files\Microsoft SQL Server\Client SDK\ODBC\130\Tools\Binn\;C:\Program Files (x86)\Microsoft SQL Server\140\Tools\Binn\;C:\Program Files\Microsoft SQL Server\140\Tools\Binn\;C:\Program Files\Microsoft SQL Server\140\DTS\Binn\;C:\Program Files (x86)\Microsoft SQL Server\Client SDK\ODBC\130\Tools\Binn\;C:\Program Files (x86)\Microsoft SQL Server\140\DTS\Binn\;C:\Program Files (x86)\Microsoft SQL Server\140\Tools\Binn\ManagementStudio\;C:\Users\eri01\AppData\Local\Programs\Python\Python36-32\Scripts\;C:\Users\eri01\AppData\Local\Programs\Python\Python36-32\;C:\Users\eri01\AppData\Local\Microsoft\WindowsApps;;."/>
    <property name="java.vm.vendor" value="Oracle Corporation"/>
    <property name="APPDATA" value="C:\Users\eri01\AppData\Roaming"/>
    <property name="java.runtime.name" value="Java(TM) SE Runtime Environment"/>
    <property name="maven.home" value="C:\Users\eri01\.jenkins\tools\hudson.tasks.Maven_MavenInstallation\TestMaven"/>
    <property name="java.class.path" value="C:\Users\eri01\.jenkins\plugins\maven-plugin\WEB-INF\lib\maven35-agent-1.12-alpha-1.jar;C:\Users\eri01\.jenkins\tools\hudson.tasks.Maven_MavenInstallation\TestMaven\boot\plexus-classworlds-2.5.2.jar;C:\Users\eri01\.jenkins\tools\hudson.tasks.Maven_MavenInstallation\TestMaven/conf/logging"/>
    <property name="sun.java.command" value="jenkins.maven3.agent.Maven35Main C:\Users\eri01\.jenkins\tools\hudson.tasks.Maven_MavenInstallation\TestMaven C:\Users\eri01\.jenkins\war\WEB-INF\lib\remoting-3.16.jar C:\Users\eri01\.jenkins\plugins\maven-plugin\WEB-INF\lib\maven35-interceptor-1.12-alpha-1.jar C:\Users\eri01\.jenkins\plugins\maven-plugin\WEB-INF\lib\maven3-interceptor-commons-1.12-alpha-1.jar 60179"/>
    <property name="Path" value="C:\Program Files\Java\jdk1.8.0_151/bin;C:\ProgramData\Oracle\Java\javapath;C:\WINDOWS\system32;C:\WINDOWS;C:\WINDOWS\System32\Wbem;C:\WINDOWS\System32\WindowsPowerShell\v1.0\;C:\Program Files\Java\jdk1.8.0_151;D:\SeleniumHQ\Selenium3\Maven\apache-maven-3.5.2\bin;C:\Users\eri01\Downloads\SOAPUI\axis2-1.6.2\axis2-1.6.2\bin;C:\Program Files\MySQL\MySQL Utilities 1.6\;C:\Program Files\Microsoft SQL Server\Client SDK\ODBC\130\Tools\Binn\;C:\Program Files (x86)\Microsoft SQL Server\140\Tools\Binn\;C:\Program Files\Microsoft SQL Server\140\Tools\Binn\;C:\Program Files\Microsoft SQL Server\140\DTS\Binn\;C:\Program Files (x86)\Microsoft SQL Server\Client SDK\ODBC\130\Tools\Binn\;C:\Program Files (x86)\Microsoft SQL Server\140\DTS\Binn\;C:\Program Files (x86)\Microsoft SQL Server\140\Tools\Binn\ManagementStudio\;C:\Users\eri01\AppData\Local\Programs\Python\Python36-32\Scripts\;C:\Users\eri01\AppData\Local\Programs\Python\Python36-32\;C:\Users\eri01\AppData\Local\Microsoft\WindowsApps;"/>
    <property name="java.vm.specification.name" value="Java Virtual Machine Specification"/>
    <property name="PROCESSOR_ARCHITECTURE" value="AMD64"/>
    <property name="PATH+JDK" value="C:\Program Files\Java\jdk1.8.0_151/bin"/>
    <property name="PROCESSOR_IDENTIFIER" value="Intel64 Family 6 Model 42 Stepping 7, GenuineIntel"/>
    <property name="SESSIONNAME" value="Console"/>
    <property name="java.vm.specification.version" value="1.8"/>
    <property name="sun.os.patch.level" value=""/>
    <property name="sun.cpu.endian" value="little"/>
    <property name="M2_HOME" value="C:\Users\eri01\.jenkins\tools\hudson.tasks.Maven_MavenInstallation\TestMaven"/>
    <property name="=D:" value="D:\SeleniumHQ\Jenkins"/>
    <property name="java.io.tmpdir" value="C:\Users\eri01\AppData\Local\Temp\"/>
    <property name="OS" value="Windows_NT"/>
    <property name="HUDSON_HOME" value="C:\Users\eri01\.jenkins"/>
    <property name="PATH+MAVEN" value="C:\Users\eri01\.jenkins\tools\hudson.tasks.Maven_MavenInstallation\TestMaven/bin"/>
    <property name="ProgramFiles(x86)" value="C:\Program Files (x86)"/>
    <property name="java.vendor.url.bug" value="http://bugreport.sun.com/bugreport/"/>
    <property name="java.awt.graphicsenv" value="sun.awt.Win32GraphicsEnvironment"/>
    <property name="os.arch" value="amd64"/>
    <property name="SystemRoot" value="C:\WINDOWS"/>
    <property name="java.ext.dirs" value="C:\Program Files\Java\jdk1.8.0_151\jre\lib\ext;C:\WINDOWS\Sun\Java\lib\ext"/>
    <property name="user.dir" value="D:\SeleniumHQ\Projects\SBSTest"/>
    <property name="LOGONSERVER" value="\\DESKTOP-5HPM073"/>
    <property name="USERDOMAIN" value="DESKTOP-5HPM073"/>
    <property name="line.separator" value="
"/>
    <property name="MAVEN_HOME" value="C:\Users\eri01\.jenkins\tools\hudson.tasks.Maven_MavenInstallation\TestMaven"/>
    <property name="java.vm.name" value="Java HotSpot(TM) 64-Bit Server VM"/>
    <property name="BUILD_NUMBER" value="8"/>
    <property name="PROCESSOR_REVISION" value="2a07"/>
    <property name="ProgramW6432" value="C:\Program Files"/>
    <property name="windir" value="C:\WINDOWS"/>
    <property name="=C:" value="C:\Users\eri01"/>
    <property name="file.encoding" value="Cp1252"/>
    <property name="SystemDrive" value="C:"/>
    <property name="maven3.interceptor" value="C:\Users\eri01\.jenkins\plugins\maven-plugin\WEB-INF\lib\maven35-interceptor-1.12-alpha-1.jar"/>
    <property name="WORKSPACE" value="C:\Users\eri01\.jenkins\workspace\SBSTestJob"/>
    <property name="maven3.interceptor.common" value="C:\Users\eri01\.jenkins\plugins\maven-plugin\WEB-INF\lib\maven3-interceptor-commons-1.12-alpha-1.jar"/>
    <property name="java.specification.version" value="1.8"/>
    <property name="PSModulePath" value="C:\Program Files\WindowsPowerShell\Modules;C:\WINDOWS\system32\WindowsPowerShell\v1.0\Modules;C:\Program Files (x86)\Microsoft SQL Server\140\Tools\PowerShell\Modules\"/>
  </properties>
  <testcase classname="com.sbs.qa.testcases.HomePageTest" name="homePageTitleTest" time="0.24">
    <failure message="Title not correct expected [Spencer Prook Strings] but found [Spencer Brook Strings]" type="java.lang.AssertionError">java.lang.AssertionError: Title not correct expected [Spencer Prook Strings] but found [Spencer Brook Strings]
	at org.testng.Assert.fail(Assert.java:94)
	at org.testng.Assert.failNotEquals(Assert.java:513)
	at org.testng.Assert.assertEqualsImpl(Assert.java:135)
	at org.testng.Assert.assertEquals(Assert.java:116)
	at org.testng.Assert.assertEquals(Assert.java:190)
	at com.sbs.qa.testcases.HomePageTest.homePageTitleTest(HomePageTest.java:30)
</failure>
    <system-out>Configuring TestNG with: org.apache.maven.surefire.testng.conf.TestNG652Configurator@2e5c649
Before navigating to: &apos;https://www.spencerbrookstrings.com/&apos;
Navigated to:&apos;https://www.spencerbrookstrings.com/&apos;
</system-out>
    <system-err>Starting ChromeDriver 2.33.506120 (e3e53437346286c0bc2d2dc9aa4915ba81d9023f) on port 25345
Only local connections are allowed.
log4j:WARN No appenders could be found for logger (org.apache.http.client.protocol.RequestAddCookies).
log4j:WARN Please initialize the log4j system properly.
log4j:WARN See http://logging.apache.org/log4j/1.2/faq.html#noconfig for more info.
Feb 12, 2018 10:59:51 PM org.openqa.selenium.remote.ProtocolHandshake createSession
INFO: Detected dialect: OSS
</system-err>
  </testcase>
  <testcase classname="com.sbs.qa.testcases.OrderRentalTest" name="verifyOrderRentalTitle" time="0.08"/>
  <testcase classname="com.sbs.qa.testcases.RentalPageTest" name="verifyRentalPageTitle" time="0.168"/>
  <testcase classname="com.sbs.qa.testcases.HomePageTest" name="sbsLogoTest" time="10.2">
    <failure message="no such element: Unable to locate element: {&quot;method&quot;:&quot;xpath&quot;,&quot;selector&quot;:&quot;.//*[@id=&apos;PageContainer&apos;]/div/header/div/div/div[2]/div[1]/a/img&quot;}
  (Session info: chrome=63.0.3239.132)
  (Driver info: chromedriver=2.33.506120 (e3e53437346286c0bc2d2dc9aa4915ba81d9023f),platform=Windows NT 10.0.16299 x86_64) (WARNING: The server did not provide any stacktrace information)
Command duration or timeout: 0 milliseconds
For documentation on this error, please visit: http://seleniumhq.org/exceptions/no_such_element.html
Build info: version: &apos;3.5.1&apos;, revision: &apos;9c21bb67ef&apos;, time: &apos;2017-08-17T15:26:08.955Z&apos;
System info: host: &apos;DESKTOP-5HPM073&apos;, ip: &apos;172.29.99.241&apos;, os.name: &apos;Windows 10&apos;, os.arch: &apos;amd64&apos;, os.version: &apos;10.0&apos;, java.version: &apos;1.8.0_151&apos;
Driver info: org.openqa.selenium.chrome.ChromeDriver
Capabilities [{applicationCacheEnabled=false, rotatable=false, mobileEmulationEnabled=false, networkConnectionEnabled=false, chrome={chromedriverVersion=2.33.506120 (e3e53437346286c0bc2d2dc9aa4915ba81d9023f), userDataDir=C:\Users\eri01\AppData\Local\Temp\scoped_dir9928_18224}, takesHeapSnapshot=true, pageLoadStrategy=normal, unhandledPromptBehavior=, databaseEnabled=false, handlesAlerts=true, hasTouchScreen=false, version=63.0.3239.132, platform=XP, browserConnectionEnabled=false, nativeEvents=true, acceptSslCerts=true, locationContextEnabled=true, webStorageEnabled=true, browserName=chrome, takesScreenshot=true, javascriptEnabled=true, cssSelectorsEnabled=true, setWindowRect=true, unexpectedAlertBehaviour=}]
Session ID: 102323c4196ce2c4fc5b06f7b711f119
*** Element info: {Using=xpath, value=.//*[@id=&apos;PageContainer&apos;]/div/header/div/div/div[2]/div[1]/a/img}" type="org.openqa.selenium.NoSuchElementException">org.openqa.selenium.NoSuchElementException: no such element: Unable to locate element: {&quot;method&quot;:&quot;xpath&quot;,&quot;selector&quot;:&quot;.//*[@id=&apos;PageContainer&apos;]/div/header/div/div/div[2]/div[1]/a/img&quot;}
  (Session info: chrome=63.0.3239.132)
  (Driver info: chromedriver=2.33.506120 (e3e53437346286c0bc2d2dc9aa4915ba81d9023f),platform=Windows NT 10.0.16299 x86_64) (WARNING: The server did not provide any stacktrace information)
Command duration or timeout: 0 milliseconds
For documentation on this error, please visit: http://seleniumhq.org/exceptions/no_such_element.html
Build info: version: &apos;3.5.1&apos;, revision: &apos;9c21bb67ef&apos;, time: &apos;2017-08-17T15:26:08.955Z&apos;
System info: host: &apos;DESKTOP-5HPM073&apos;, ip: &apos;172.29.99.241&apos;, os.name: &apos;Windows 10&apos;, os.arch: &apos;amd64&apos;, os.version: &apos;10.0&apos;, java.version: &apos;1.8.0_151&apos;
Driver info: org.openqa.selenium.chrome.ChromeDriver
Capabilities [{applicationCacheEnabled=false, rotatable=false, mobileEmulationEnabled=false, networkConnectionEnabled=false, chrome={chromedriverVersion=2.33.506120 (e3e53437346286c0bc2d2dc9aa4915ba81d9023f), userDataDir=C:\Users\eri01\AppData\Local\Temp\scoped_dir9928_18224}, takesHeapSnapshot=true, pageLoadStrategy=normal, unhandledPromptBehavior=, databaseEnabled=false, handlesAlerts=true, hasTouchScreen=false, version=63.0.3239.132, platform=XP, browserConnectionEnabled=false, nativeEvents=true, acceptSslCerts=true, locationContextEnabled=true, webStorageEnabled=true, browserName=chrome, takesScreenshot=true, javascriptEnabled=true, cssSelectorsEnabled=true, setWindowRect=true, unexpectedAlertBehaviour=}]
Session ID: 102323c4196ce2c4fc5b06f7b711f119
*** Element info: {Using=xpath, value=.//*[@id=&apos;PageContainer&apos;]/div/header/div/div/div[2]/div[1]/a/img}
	at sun.reflect.NativeConstructorAccessorImpl.newInstance0(Native Method)
	at sun.reflect.NativeConstructorAccessorImpl.newInstance(NativeConstructorAccessorImpl.java:62)
	at sun.reflect.DelegatingConstructorAccessorImpl.newInstance(DelegatingConstructorAccessorImpl.java:45)
	at java.lang.reflect.Constructor.newInstance(Constructor.java:423)
	at org.openqa.selenium.remote.ErrorHandler.createThrowable(ErrorHandler.java:215)
	at org.openqa.selenium.remote.ErrorHandler.throwIfResponseFailed(ErrorHandler.java:167)
	at org.openqa.selenium.remote.http.JsonHttpResponseCodec.reconstructValue(JsonHttpResponseCodec.java:40)
	at org.openqa.selenium.remote.http.AbstractHttpResponseCodec.decode(AbstractHttpResponseCodec.java:82)
	at org.openqa.selenium.remote.http.AbstractHttpResponseCodec.decode(AbstractHttpResponseCodec.java:45)
	at org.openqa.selenium.remote.HttpCommandExecutor.execute(HttpCommandExecutor.java:164)
	at org.openqa.selenium.remote.service.DriverCommandExecutor.execute(DriverCommandExecutor.java:82)
	at org.openqa.selenium.remote.RemoteWebDriver.execute(RemoteWebDriver.java:641)
	at org.openqa.selenium.remote.RemoteWebDriver.findElement(RemoteWebDriver.java:414)
	at org.openqa.selenium.remote.RemoteWebDriver.findElementByXPath(RemoteWebDriver.java:513)
	at org.openqa.selenium.By$ByXPath.findElement(By.java:361)
	at org.openqa.selenium.remote.RemoteWebDriver.findElement(RemoteWebDriver.java:406)
	at sun.reflect.NativeMethodAccessorImpl.invoke0(Native Method)
	at sun.reflect.NativeMethodAccessorImpl.invoke(NativeMethodAccessorImpl.java:62)
	at sun.reflect.DelegatingMethodAccessorImpl.invoke(DelegatingMethodAccessorImpl.java:43)
	at java.lang.reflect.Method.invoke(Method.java:498)
	at org.openqa.selenium.support.events.EventFiringWebDriver$2.invoke(EventFiringWebDriver.java:105)
	at com.sun.proxy.$Proxy6.findElement(Unknown Source)
	at org.openqa.selenium.support.events.EventFiringWebDriver.findElement(EventFiringWebDriver.java:189)
	at org.openqa.selenium.support.pagefactory.DefaultElementLocator.findElement(DefaultElementLocator.java:69)
	at org.openqa.selenium.support.pagefactory.internal.LocatingElementHandler.invoke(LocatingElementHandler.java:38)
	at com.sun.proxy.$Proxy10.isDisplayed(Unknown Source)
	at com.sbs.qa.pages.HomePage.validateSBSImage(HomePage.java:38)
	at com.sbs.qa.testcases.HomePageTest.sbsLogoTest(HomePageTest.java:35)
</failure>
    <system-out>Before navigating to: &apos;https://www.spencerbrookstrings.com/&apos;
Navigated to:&apos;https://www.spencerbrookstrings.com/&apos;
Trying to find Element By : By.xpath: .//*[@id=&apos;PageContainer&apos;]/div/header/div/div/div[2]/div[1]/a/img
</system-out>
    <system-err>Starting ChromeDriver 2.33.506120 (e3e53437346286c0bc2d2dc9aa4915ba81d9023f) on port 22670
Only local connections are allowed.
Feb 12, 2018 11:00:51 PM org.openqa.selenium.remote.ProtocolHandshake createSession
INFO: Detected dialect: OSS
</system-err>
  </testcase>
  <testcase classname="com.sbs.qa.testcases.OrderRentalTest" name="verifyOrderRentalLabel" time="0.268">
    <failure message="expected [Order a rental label is missing on the page] but found [true]" type="java.lang.AssertionError">java.lang.AssertionError: expected [Order a rental label is missing on the page] but found [true]
	at org.testng.Assert.fail(Assert.java:94)
	at org.testng.Assert.failNotEquals(Assert.java:513)
	at org.testng.Assert.assertEqualsImpl(Assert.java:135)
	at org.testng.Assert.assertEquals(Assert.java:116)
	at org.testng.Assert.assertEquals(Assert.java:179)
	at com.sbs.qa.testcases.OrderRentalTest.verifyOrderRentalLabel(OrderRentalTest.java:43)
</failure>
    <system-out>Before navigating to: &apos;https://www.spencerbrookstrings.com/&apos;
Navigated to:&apos;https://www.spencerbrookstrings.com/&apos;
Trying to find Element By : By.xpath: .//*[@id=&apos;AccessibleNav&apos;]/li[2]/a
Found Element By : By.xpath: .//*[@id=&apos;AccessibleNav&apos;]/li[2]/a
Trying to click on: [[ChromeDriver: chrome on XP (1928b5a3659e620f5f583e19a101f34c)] -&gt; xpath: .//*[@id=&apos;AccessibleNav&apos;]/li[2]/a]
Clicked on: [[ChromeDriver: chrome on XP (1928b5a3659e620f5f583e19a101f34c)] -&gt; xpath: .//*[@id=&apos;AccessibleNav&apos;]/li[2]/a]
Trying to find Element By : By.xpath: .//*[@id=&apos;PageContainer&apos;]/main/div[1]/div/div/div/div/div/div[5]/div/div/div/div/a[1]
Found Element By : By.xpath: .//*[@id=&apos;PageContainer&apos;]/main/div[1]/div/div/div/div/div/div[5]/div/div/div/div/a[1]
Trying to click on: [[ChromeDriver: chrome on XP (1928b5a3659e620f5f583e19a101f34c)] -&gt; xpath: .//*[@id=&apos;PageContainer&apos;]/main/div[1]/div/div/div/div/div/div[5]/div/div/div/div/a[1]]
Clicked on: [[ChromeDriver: chrome on XP (1928b5a3659e620f5f583e19a101f34c)] -&gt; xpath: .//*[@id=&apos;PageContainer&apos;]/main/div[1]/div/div/div/div/div/div[5]/div/div/div/div/a[1]]
Trying to find Element By : By.xpath: .//*[@id=&apos;PageContainer&apos;]/main/div[1]/div/nav/span[2]
Found Element By : By.xpath: .//*[@id=&apos;PageContainer&apos;]/main/div[1]/div/nav/span[2]
</system-out>
    <system-err>Starting ChromeDriver 2.33.506120 (e3e53437346286c0bc2d2dc9aa4915ba81d9023f) on port 9000
Only local connections are allowed.
Feb 12, 2018 11:01:20 PM org.openqa.selenium.remote.ProtocolHandshake createSession
INFO: Detected dialect: OSS
</system-err>
  </testcase>
  <testcase classname="com.sbs.qa.testcases.RentalPageTest" name="verifyOrderRentalLink" time="3.568"/>
  <testcase classname="com.sbs.qa.testcases.HomePageTest" name="rentalsPageLinkTest" time="3.532"/>
  <testcase classname="com.sbs.qa.testcases.OrderRentalTest" name="selectInstrumentTypeTest" time="29.726"/>
  <testcase classname="com.sbs.qa.testcases.OrderRentalTest" name="selectInstrumentTypeTest" time="28.543">
    <failure message="Cannot locate option with value: Monthly :  $23
For documentation on this error, please visit: http://seleniumhq.org/exceptions/no_such_element.html
Build info: version: &apos;3.5.1&apos;, revision: &apos;9c21bb67ef&apos;, time: &apos;2017-08-17T15:26:08.955Z&apos;
System info: host: &apos;DESKTOP-5HPM073&apos;, ip: &apos;172.29.99.241&apos;, os.name: &apos;Windows 10&apos;, os.arch: &apos;amd64&apos;, os.version: &apos;10.0&apos;, java.version: &apos;1.8.0_151&apos;
Driver info: driver.version: unknown" type="org.openqa.selenium.NoSuchElementException">org.openqa.selenium.NoSuchElementException: Cannot locate option with value: Monthly :  $23
For documentation on this error, please visit: http://seleniumhq.org/exceptions/no_such_element.html
Build info: version: &apos;3.5.1&apos;, revision: &apos;9c21bb67ef&apos;, time: &apos;2017-08-17T15:26:08.955Z&apos;
System info: host: &apos;DESKTOP-5HPM073&apos;, ip: &apos;172.29.99.241&apos;, os.name: &apos;Windows 10&apos;, os.arch: &apos;amd64&apos;, os.version: &apos;10.0&apos;, java.version: &apos;1.8.0_151&apos;
Driver info: driver.version: unknown
	at org.openqa.selenium.support.ui.Select.selectByValue(Select.java:209)
	at com.sbs.qa.pages.OrderRental.selectInstrumentName(OrderRental.java:104)
	at com.sbs.qa.testcases.OrderRentalTest.selectInstrumentTypeTest(OrderRentalTest.java:57)
</failure>
    <system-out>Before navigating to: &apos;https://www.spencerbrookstrings.com/&apos;
Navigated to:&apos;https://www.spencerbrookstrings.com/&apos;
Trying to find Element By : By.xpath: .//*[@id=&apos;AccessibleNav&apos;]/li[2]/a
Found Element By : By.xpath: .//*[@id=&apos;AccessibleNav&apos;]/li[2]/a
Trying to click on: [[ChromeDriver: chrome on XP (be00397159b5c5239dbc93deff243ede)] -&gt; xpath: .//*[@id=&apos;AccessibleNav&apos;]/li[2]/a]
Clicked on: [[ChromeDriver: chrome on XP (be00397159b5c5239dbc93deff243ede)] -&gt; xpath: .//*[@id=&apos;AccessibleNav&apos;]/li[2]/a]
Trying to find Element By : By.xpath: .//*[@id=&apos;PageContainer&apos;]/main/div[1]/div/div/div/div/div/div[5]/div/div/div/div/a[1]
Found Element By : By.xpath: .//*[@id=&apos;PageContainer&apos;]/main/div[1]/div/div/div/div/div/div[5]/div/div/div/div/a[1]
Trying to click on: [[ChromeDriver: chrome on XP (be00397159b5c5239dbc93deff243ede)] -&gt; xpath: .//*[@id=&apos;PageContainer&apos;]/main/div[1]/div/div/div/div/div/div[5]/div/div/div/div/a[1]]
Clicked on: [[ChromeDriver: chrome on XP (be00397159b5c5239dbc93deff243ede)] -&gt; xpath: .//*[@id=&apos;PageContainer&apos;]/main/div[1]/div/div/div/div/div/div[5]/div/div/div/div/a[1]]
Trying to find Element By : By.id: 259692
Found Element By : By.id: 259692
Trying to find Element By : By.xpath: .//option[@value = &quot;School Program&quot;]
Found Element By : By.xpath: .//option[@value = &quot;School Program&quot;]
Trying to click on: [[[[ChromeDriver: chrome on XP (be00397159b5c5239dbc93deff243ede)] -&gt; id: 259692]] -&gt; xpath: .//option[@value = &quot;School Program&quot;]]
Clicked on: [[[[ChromeDriver: chrome on XP (be00397159b5c5239dbc93deff243ede)] -&gt; id: 259692]] -&gt; xpath: .//option[@value = &quot;School Program&quot;]]
Trying to find Element By : By.xpath: //*[contains(@value,&apos;Violin&apos;)]
Found Element By : By.xpath: //*[contains(@value,&apos;Violin&apos;)]
Trying to click on: [[ChromeDriver: chrome on XP (be00397159b5c5239dbc93deff243ede)] -&gt; xpath: //*[contains(@value,&apos;Violin&apos;)]]
Clicked on: [[ChromeDriver: chrome on XP (be00397159b5c5239dbc93deff243ede)] -&gt; xpath: //*[contains(@value,&apos;Violin&apos;)]]
Trying to find Element By : By.xpath: //*[contains(@value,&apos;1/8&apos;)]
Found Element By : By.xpath: //*[contains(@value,&apos;1/8&apos;)]
Trying to click on: [[ChromeDriver: chrome on XP (be00397159b5c5239dbc93deff243ede)] -&gt; xpath: //*[contains(@value,&apos;1/8&apos;)]]
Clicked on: [[ChromeDriver: chrome on XP (be00397159b5c5239dbc93deff243ede)] -&gt; xpath: //*[contains(@value,&apos;1/8&apos;)]]
Trying to find Element By : By.xpath: .//*[@id=&apos;259692&apos;]
Found Element By : By.xpath: .//*[@id=&apos;259692&apos;]
Trying to click on: [[ChromeDriver: chrome on XP (be00397159b5c5239dbc93deff243ede)] -&gt; xpath: .//*[@id=&apos;259692&apos;]]
Clicked on: [[ChromeDriver: chrome on XP (be00397159b5c5239dbc93deff243ede)] -&gt; xpath: .//*[@id=&apos;259692&apos;]]
Trying to find Element By : By.xpath: //*[contains(@value, &apos;Kun shoulder rest | $ 24.00&apos;)]
Found Element By : By.xpath: //*[contains(@value, &apos;Kun shoulder rest | $ 24.00&apos;)]
Trying to click on: [[ChromeDriver: chrome on XP (be00397159b5c5239dbc93deff243ede)] -&gt; xpath: //*[contains(@value, &apos;Kun shoulder rest | $ 24.00&apos;)]]
Clicked on: [[ChromeDriver: chrome on XP (be00397159b5c5239dbc93deff243ede)] -&gt; xpath: //*[contains(@value, &apos;Kun shoulder rest | $ 24.00&apos;)]]
Trying to find Element By : By.id: 259696
Found Element By : By.id: 259696
Trying to find Element By : By.xpath: .//option[@value = &quot;Standard&quot;]
Found Element By : By.xpath: .//option[@value = &quot;Standard&quot;]
Trying to click on: [[[[ChromeDriver: chrome on XP (be00397159b5c5239dbc93deff243ede)] -&gt; id: 259696]] -&gt; xpath: .//option[@value = &quot;Standard&quot;]]
Clicked on: [[[[ChromeDriver: chrome on XP (be00397159b5c5239dbc93deff243ede)] -&gt; id: 259696]] -&gt; xpath: .//option[@value = &quot;Standard&quot;]]
Trying to find Element By : By.id: 259697
Found Element By : By.id: 259697
Trying to find Element By : By.xpath: .//option[@value = &quot;Monthly :  $23&quot;]
Found Element By : By.xpath: .//option[@value = &quot;Monthly :  $23&quot;]
</system-out>
    <system-err>Starting ChromeDriver 2.33.506120 (e3e53437346286c0bc2d2dc9aa4915ba81d9023f) on port 22711
Only local connections are allowed.
Feb 12, 2018 11:03:30 PM org.openqa.selenium.remote.ProtocolHandshake createSession
INFO: Detected dialect: OSS
</system-err>
  </testcase>
  <testcase classname="com.sbs.qa.testcases.RentalPageTest" name="verifyRentalPagelable" time="1.81"/>
</testsuite>